[INFO] Scanning for projects...
[INFO] 
[INFO] ----------------< swen647.umgc:SWEN647ShirtPricingTest >----------------
[INFO] Building SWEN647ShirtPricingTest 0.0.1-SNAPSHOT
[INFO]   from pom.xml
[INFO] --------------------------------[ war ]---------------------------------
[INFO] 
[INFO] >>> spring-boot:3.4.3:run (default-cli) > test-compile @ SWEN647ShirtPricingTest >>>
[INFO] 
[INFO] --- resources:3.3.1:resources (default-resources) @ SWEN647ShirtPricingTest ---
[INFO] Copying 1 resource from src/main/resources to target/classes
[INFO] Copying 1 resource from src/main/resources to target/classes
[INFO] 
[INFO] --- compiler:3.13.0:compile (default-compile) @ SWEN647ShirtPricingTest ---
[INFO] Nothing to compile - all classes are up to date.
[INFO] 
[INFO] --- resources:3.3.1:testResources (default-testResources) @ SWEN647ShirtPricingTest ---
[INFO] Copying 1 resource from src/test/resources to target/test-classes
[INFO] 
[INFO] --- compiler:3.13.0:testCompile (default-testCompile) @ SWEN647ShirtPricingTest ---
[INFO] Nothing to compile - all classes are up to date.
[INFO] 
[INFO] <<< spring-boot:3.4.3:run (default-cli) < test-compile @ SWEN647ShirtPricingTest <<<
[INFO] 
[INFO] 
[INFO] --- spring-boot:3.4.3:run (default-cli) @ SWEN647ShirtPricingTest ---
[INFO] Attaching agents: []

  .   ____          _            __ _ _
 /\\ / ___'_ __ _ _(_)_ __  __ _ \ \ \ \
( ( )\___ | '_ | '_| | '_ \/ _` | \ \ \ \
 \\/  ___)| |_)| | | | | || (_| |  ) ) ) )
  '  |____| .__|_| |_|_| |_\__, | / / / /
 =========|_|==============|___/=/_/_/_/

 :: Spring Boot ::                (v3.4.3)

2025-02-23T12:58:35.148-05:00  INFO 81091 --- [SWEN647ShirtPricingTest] [           main] s.u.S.Swen647ShirtPricingTestApplication : Starting Swen647ShirtPricingTestApplication using Java 17.0.2 with PID 81091 (/Users/ashenafigebreeziabhere/Downloads/SWEN647ShirtPricingTest/target/classes started by ashenafigebreeziabhere in /Users/ashenafigebreeziabhere/Downloads/SWEN647ShirtPricingTest)
2025-02-23T12:58:35.152-05:00  INFO 81091 --- [SWEN647ShirtPricingTest] [           main] s.u.S.Swen647ShirtPricingTestApplication : No active profile set, falling back to 1 default profile: "default"
2025-02-23T12:58:37.259-05:00  INFO 81091 --- [SWEN647ShirtPricingTest] [           main] o.s.b.w.embedded.tomcat.TomcatWebServer  : Tomcat initialized with port 8080 (http)
2025-02-23T12:58:37.281-05:00  INFO 81091 --- [SWEN647ShirtPricingTest] [           main] o.apache.catalina.core.StandardService   : Starting service [Tomcat]
2025-02-23T12:58:37.281-05:00  INFO 81091 --- [SWEN647ShirtPricingTest] [           main] o.apache.catalina.core.StandardEngine    : Starting Servlet engine: [Apache Tomcat/10.1.36]
2025-02-23T12:58:37.362-05:00  INFO 81091 --- [SWEN647ShirtPricingTest] [           main] o.a.c.c.C.[Tomcat].[localhost].[/]       : Initializing Spring embedded WebApplicationContext
2025-02-23T12:58:37.365-05:00  INFO 81091 --- [SWEN647ShirtPricingTest] [           main] w.s.c.ServletWebServerApplicationContext : Root WebApplicationContext: initialization completed in 2160 ms
2025-02-23T12:58:37.637-05:00  INFO 81091 --- [SWEN647ShirtPricingTest] [           main] o.s.b.a.w.s.WelcomePageHandlerMapping    : Adding welcome page: class path resource [static/index.html]
2025-02-23T12:58:38.029-05:00  INFO 81091 --- [SWEN647ShirtPricingTest] [           main] o.s.b.w.embedded.tomcat.TomcatWebServer  : Tomcat started on port 8080 (http) with context path '/'
2025-02-23T12:58:38.044-05:00  INFO 81091 --- [SWEN647ShirtPricingTest] [           main] s.u.S.Swen647ShirtPricingTestApplication : Started Swen647ShirtPricingTestApplication in 4.028 seconds (process running for 4.727)
2025-02-23T12:58:38.782-05:00  INFO 81091 --- [SWEN647ShirtPricingTest] [nio-8080-exec-1] o.a.c.c.C.[Tomcat].[localhost].[/]       : Initializing Spring DispatcherServlet 'dispatcherServlet'
2025-02-23T12:58:38.782-05:00  INFO 81091 --- [SWEN647ShirtPricingTest] [nio-8080-exec-1] o.s.web.servlet.DispatcherServlet        : Initializing Servlet 'dispatcherServlet'
2025-02-23T12:58:38.783-05:00  INFO 81091 --- [SWEN647ShirtPricingTest] [nio-8080-exec-1] o.s.web.servlet.DispatcherServlet        : Completed initialization in 1 ms
[INFO] ------------------------------------------------------------------------
[INFO] BUILD FAILURE
[INFO] ------------------------------------------------------------------------
[INFO] Total time:  35:30 min
[INFO] Finished at: 2025-02-23T13:33:58-05:00
[INFO] ------------------------------------------------------------------------
[ERROR] Failed to execute goal org.springframework.boot:spring-boot-maven-plugin:3.4.3:run (default-cli) on project SWEN647ShirtPricingTest: Process terminated with exit code: 137 -> [Help 1]
[ERROR] 
[ERROR] To see the full stack trace of the errors, re-run Maven with the -e switch.
[ERROR] Re-run Maven using the -X switch to enable full debug logging.
[ERROR] 
[ERROR] For more information about the errors and possible solutions, please read the following articles:
[ERROR] [Help 1] http://cwiki.apache.org/confluence/display/MAVEN/MojoExecutionException
